# JRE version: OpenJDK Runtime Environment Temurin-21.0.12.1+1 (21.0.12.1+1) (build 21.0.12.1+1-LTS)
# Java VM: OpenJDK 64-Bit Server VM Temurin-21.0.12.1+1 (21.0.12.1+1-LTS, mixed mode, sharing, tiered, compressed oops, compressed class ptrs, parallel gc, linux-amd64)
GC Precious Log:
 CardTable entry size: 512
 CPUs: 4 total, 4 available
 Memory: 7798M
 Large Page Support: Disabled
 NUMA Support: Disabled
 Compressed Oops: Enabled (32-bit)
 Alignments: Space 512K, Generation 512K, Heap 2M
 Heap Min Capacity: 100M
 Heap Initial Capacity: 100M
 Heap Max Capacity: 2G
 Pre-touch: Disabled
 Parallel Workers: 4
Heap:
 PSYoungGen      total 19456K, used 16123K [0x00000000d5580000, 0x00000000d6d80000, 0x0000000100000000)
  eden space 15872K, 96% used [0x00000000d5580000,0x00000000d64784d8,0x00000000d6500000)
  from space 3584K, 22% used [0x00000000d6780000,0x00000000d68468c8,0x00000000d6b00000)
  to   space 1536K, 0% used [0x00000000d6c00000,0x00000000d6c00000,0x00000000d6d80000)
 ParOldGen       total 119808K, used 119554K [0x0000000080000000, 0x0000000087500000, 0x00000000d5580000)
  object space 119808K, 99% used [0x0000000080000000,0x00000000874c09b0,0x0000000087500000)
 Metaspace       used 72159K, committed 73664K, reserved 1179648K
  class space    used 7587K, committed 8256K, reserved 1048576K
GC Heap History (20 events):
Event: 49.083 GC heap before
{Heap before GC invocations=63 (full 3):
 PSYoungGen      total 20992K, used 20272K [0x00000000d5580000, 0x00000000d6e00000, 0x0000000100000000)
  eden space 18432K, 100% used [0x00000000d5580000,0x00000000d6780000,0x00000000d6780000)
  from space 2560K, 71% used [0x00000000d6900000,0x00000000d6acc020,0x00000000d6b80000)
  to   space 2048K, 0% used [0x00000000d6c00000,0x00000000d6c00000,0x00000000d6e00000)
 ParOldGen       total 95232K, used 94882K [0x0000000080000000, 0x0000000085d00000, 0x00000000d5580000)
  object space 95232K, 99% used [0x0000000080000000,0x0000000085ca8930,0x0000000085d00000)
 Metaspace       used 67687K, committed 69120K, reserved 1114112K
  class space    used 7248K, committed 7872K, reserved 1048576K
}
Event: 49.117 GC heap after
{Heap after GC invocations=63 (full 3):
 PSYoungGen      total 17920K, used 2040K [0x00000000d5580000, 0x00000000d7580000, 0x0000000100000000)
  eden space 15872K, 0% used [0x00000000d5580000,0x00000000d5580000,0x00000000d6500000)
  from space 2048K, 99% used [0x00000000d6c00000,0x00000000d6dfe1d8,0x00000000d6e00000)
  to   space 7168K, 0% used [0x00000000d6500000,0x00000000d6500000,0x00000000d6c00000)
 ParOldGen       total 99328K, used 98975K [0x0000000080000000, 0x0000000086100000, 0x00000000d5580000)
  object space 99328K, 99% used [0x0000000080000000,0x00000000860a7d88,0x0000000086100000)
 Metaspace       used 67687K, committed 69120K, reserved 1114112K
  class space    used 7248K, committed 7872K, reserved 1048576K
}
Event: 49.534 GC heap before
{Heap before GC invocations=64 (full 3):
 PSYoungGen      total 17920K, used 17912K [0x00000000d5580000, 0x00000000d7580000, 0x0000000100000000)
  eden space 15872K, 99% used [0x00000000d5580000,0x00000000d64fff78,0x00000000d6500000)
  from space 2048K, 99% used [0x00000000d6c00000,0x00000000d6dfe1d8,0x00000000d6e00000)
  to   space 7168K, 0% used [0x00000000d6500000,0x00000000d6500000,0x00000000d6c00000)
 ParOldGen       total 99328K, used 98975K [0x0000000080000000, 0x0000000086100000, 0x00000000d5580000)
  object space 99328K, 99% used [0x0000000080000000,0x00000000860a7d88,0x0000000086100000)
 Metaspace       used 67841K, committed 69248K, reserved 1114112K
  class space    used 7265K, committed 7872K, reserved 1048576K
}
Event: 49.564 GC heap after
{Heap after GC invocations=64 (full 3):
 PSYoungGen      total 20480K, used 4582K [0x00000000d5580000, 0x00000000d6f00000, 0x0000000100000000)
  eden space 15872K, 0% used [0x00000000d5580000,0x00000000d5580000,0x00000000d6500000)
  from space 4608K, 99% used [0x00000000d6500000,0x00000000d6979858,0x00000000d6980000)
  to   space 5120K, 0% used [0x00000000d6a00000,0x00000000d6a00000,0x00000000d6f00000)
 ParOldGen       total 101376K, used 101021K [0x0000000080000000, 0x0000000086300000, 0x00000000d5580000)
  object space 101376K, 99% used [0x0000000080000000,0x00000000862a7570,0x0000000086300000)
 Metaspace       used 67841K, committed 69248K, reserved 1114112K
  class space    used 7265K, committed 7872K, reserved 1048576K
}
Event: 50.640 GC heap before
{Heap before GC invocations=65 (full 3):
 PSYoungGen      total 20480K, used 20454K [0x00000000d5580000, 0x00000000d6f00000, 0x0000000100000000)
  eden space 15872K, 100% used [0x00000000d5580000,0x00000000d6500000,0x00000000d6500000)
  from space 4608K, 99% used [0x00000000d6500000,0x00000000d6979858,0x00000000d6980000)
  to   space 5120K, 0% used [0x00000000d6a00000,0x00000000d6a00000,0x00000000d6f00000)
 ParOldGen       total 101376K, used 101021K [0x0000000080000000, 0x0000000086300000, 0x00000000d5580000)
  object space 101376K, 99% used [0x0000000080000000,0x00000000862a7570,0x0000000086300000)
 Metaspace       used 68109K, committed 69440K, reserved 1114112K
  class space    used 7282K, committed 7872K, reserved 1048576K
}
Event: 50.724 GC heap after
{Heap after GC invocations=65 (full 3):
 PSYoungGen      total 19456K, used 3392K [0x00000000d5580000, 0x00000000d6d80000, 0x0000000100000000)
  eden space 15872K, 0% used [0x00000000d5580000,0x00000000d5580000,0x00000000d6500000)
  from space 3584K, 94% used [0x00000000d6a00000,0x00000000d6d50020,0x00000000d6d80000)
  to   space 4096K, 0% used [0x00000000d6580000,0x00000000d6580000,0x00000000d6980000)
 ParOldGen       total 105984K, used 105508K [0x0000000080000000, 0x0000000086780000, 0x00000000d5580000)
  object space 105984K, 99% used [0x0000000080000000,0x0000000086709350,0x0000000086780000)
 Metaspace       used 68109K, committed 69440K, reserved 1114112K
  class space    used 7282K, committed 7872K, reserved 1048576K
}
Event: 51.689 GC heap before
{Heap before GC invocations=66 (full 3):
 PSYoungGen      total 19456K, used 19264K [0x00000000d5580000, 0x00000000d6d80000, 0x0000000100000000)
  eden space 15872K, 100% used [0x00000000d5580000,0x00000000d6500000,0x00000000d6500000)
  from space 3584K, 94% used [0x00000000d6a00000,0x00000000d6d50020,0x00000000d6d80000)
  to   space 4096K, 0% used [0x00000000d6580000,0x00000000d6580000,0x00000000d6980000)
 ParOldGen       total 105984K, used 105508K [0x0000000080000000, 0x0000000086780000, 0x00000000d5580000)
  object space 105984K, 99% used [0x0000000080000000,0x0000000086709350,0x0000000086780000)
 Metaspace       used 68650K, committed 70080K, reserved 1114112K
  class space    used 7334K, committed 7936K, reserved 1048576K
}
Event: 51.716 GC heap after
{Heap after GC invocations=66 (full 3):
 PSYoungGen      total 18432K, used 2092K [0x00000000d5580000, 0x00000000d6b00000, 0x0000000100000000)
  eden space 15872K, 0% used [0x00000000d5580000,0x00000000d5580000,0x00000000d6500000)
  from space 2560K, 81% used [0x00000000d6580000,0x00000000d678b388,0x00000000d6800000)
  to   space 3072K, 0% used [0x00000000d6800000,0x00000000d6800000,0x00000000d6b00000)
 ParOldGen       total 109056K, used 108788K [0x0000000080000000, 0x0000000086a80000, 0x00000000d5580000)
  object space 109056K, 99% used [0x0000000080000000,0x0000000086a3d388,0x0000000086a80000)
 Metaspace       used 68650K, committed 70080K, reserved 1114112K
  class space    used 7334K, committed 7936K, reserved 1048576K
}
Event: 53.302 GC heap before
{Heap before GC invocations=67 (full 3):
 PSYoungGen      total 18432K, used 17964K [0x00000000d5580000, 0x00000000d6b00000, 0x0000000100000000)
  eden space 15872K, 100% used [0x00000000d5580000,0x00000000d6500000,0x00000000d6500000)
  from space 2560K, 81% used [0x00000000d6580000,0x00000000d678b388,0x00000000d6800000)
  to   space 3072K, 0% used [0x00000000d6800000,0x00000000d6800000,0x00000000d6b00000)
 ParOldGen       total 109056K, used 108788K [0x0000000080000000, 0x0000000086a80000, 0x00000000d5580000)
  object space 109056K, 99% used [0x0000000080000000,0x0000000086a3d388,0x0000000086a80000)
 Metaspace       used 68974K, committed 70336K, reserved 1114112K
  class space    used 7347K, committed 7936K, reserved 1048576K
}
Event: 53.333 GC heap after
{Heap after GC invocations=67 (full 3):
 PSYoungGen      total 17408K, used 1472K [0x00000000d5580000, 0x00000000d6980000, 0x0000000100000000)
  eden space 15872K, 0% used [0x00000000d5580000,0x00000000d5580000,0x00000000d6500000)
  from space 1536K, 95% used [0x00000000d6800000,0x00000000d6970020,0x00000000d6980000)
  to   space 2048K, 0% used [0x00000000d6580000,0x00000000d6580000,0x00000000d6780000)
 ParOldGen       total 111104K, used 110732K [0x0000000080000000, 0x0000000086c80000, 0x00000000d5580000)
  object space 111104K, 99% used [0x0000000080000000,0x0000000086c233a8,0x0000000086c80000)
 Metaspace       used 68974K, committed 70336K, reserved 1114112K
  class space    used 7347K, committed 7936K, reserved 1048576K
}
Event: 54.476 GC heap before
{Heap before GC invocations=68 (full 3):
 PSYoungGen      total 17408K, used 17344K [0x00000000d5580000, 0x00000000d6980000, 0x0000000100000000)
  eden space 15872K, 100% used [0x00000000d5580000,0x00000000d6500000,0x00000000d6500000)
  from space 1536K, 95% used [0x00000000d6800000,0x00000000d6970020,0x00000000d6980000)
  to   space 2048K, 0% used [0x00000000d6580000,0x00000000d6580000,0x00000000d6780000)
 ParOldGen       total 111104K, used 110732K [0x0000000080000000, 0x0000000086c80000, 0x00000000d5580000)
  object space 111104K, 99% used [0x0000000080000000,0x0000000086c233a8,0x0000000086c80000)
 Metaspace       used 69400K, committed 70784K, reserved 1114112K
  class space    used 7361K, committed 7936K, reserved 1048576K
}
Event: 54.496 GC heap after
{Heap after GC invocations=68 (full 3):
 PSYoungGen      total 17920K, used 2048K [0x00000000d5580000, 0x00000000d6e00000, 0x0000000100000000)
  eden space 15872K, 0% used [0x00000000d5580000,0x00000000d5580000,0x00000000d6500000)
  from space 2048K, 100% used [0x00000000d6580000,0x00000000d6780000,0x00000000d6780000)
  to   space 4608K, 0% used [0x00000000d6980000,0x00000000d6980000,0x00000000d6e00000)
 ParOldGen       total 112640K, used 112485K [0x0000000080000000, 0x0000000086e00000, 0x00000000d5580000)
  object space 112640K, 99% used [0x0000000080000000,0x0000000086dd9780,0x0000000086e00000)
 Metaspace       used 69400K, committed 70784K, reserved 1114112K
  class space    used 7361K, committed 7936K, reserved 1048576K
}
Event: 55.878 GC heap before
{Heap before GC invocations=69 (full 3):
 PSYoungGen      total 17920K, used 17920K [0x00000000d5580000, 0x00000000d6e00000, 0x0000000100000000)
  eden space 15872K, 100% used [0x00000000d5580000,0x00000000d6500000,0x00000000d6500000)
  from space 2048K, 100% used [0x00000000d6580000,0x00000000d6780000,0x00000000d6780000)
  to   space 4608K, 0% used [0x00000000d6980000,0x00000000d6980000,0x00000000d6e00000)
 ParOldGen       total 112640K, used 112485K [0x0000000080000000, 0x0000000086e00000, 0x00000000d5580000)
  object space 112640K, 99% used [0x0000000080000000,0x0000000086dd9780,0x0000000086e00000)
 Metaspace       used 69820K, committed 71168K, reserved 1114112K
  class space    used 7362K, committed 7936K, reserved 1048576K
}
Event: 55.906 GC heap after
{Heap after GC invocations=69 (full 3):
 PSYoungGen      total 18432K, used 2080K [0x00000000d5580000, 0x00000000d6c00000, 0x0000000100000000)
  eden space 15872K, 0% used [0x00000000d5580000,0x00000000d5580000,0x00000000d6500000)
  from space 2560K, 81% used [0x00000000d6980000,0x00000000d6b88040,0x00000000d6c00000)
  to   space 3072K, 0% used [0x00000000d6600000,0x00000000d6600000,0x00000000d6900000)
 ParOldGen       total 114688K, used 114523K [0x0000000080000000, 0x0000000087000000, 0x00000000d5580000)
  object space 114688K, 99% used [0x0000000080000000,0x0000000086fd6ea8,0x0000000087000000)
 Metaspace       used 69820K, committed 71168K, reserved 1114112K
  class space    used 7362K, committed 7936K, reserved 1048576K
}
Event: 57.090 GC heap before
{Heap before GC invocations=70 (full 3):
 PSYoungGen      total 18432K, used 17952K [0x00000000d5580000, 0x00000000d6c00000, 0x0000000100000000)
  eden space 15872K, 100% used [0x00000000d5580000,0x00000000d6500000,0x00000000d6500000)
  from space 2560K, 81% used [0x00000000d6980000,0x00000000d6b88040,0x00000000d6c00000)
  to   space 3072K, 0% used [0x00000000d6600000,0x00000000d6600000,0x00000000d6900000)
 ParOldGen       total 114688K, used 114523K [0x0000000080000000, 0x0000000087000000, 0x00000000d5580000)
  object space 114688K, 99% used [0x0000000080000000,0x0000000086fd6ea8,0x0000000087000000)
 Metaspace       used 70174K, committed 71616K, reserved 1114112K
  class space    used 7380K, committed 8000K, reserved 1048576K
}
Event: 57.118 GC heap after
{Heap after GC invocations=70 (full 3):
 PSYoungGen      total 18944K, used 3045K [0x00000000d5580000, 0x00000000d7500000, 0x0000000100000000)
  eden space 15872K, 0% used [0x00000000d5580000,0x00000000d5580000,0x00000000d6500000)
  from space 3072K, 99% used [0x00000000d6600000,0x00000000d68f9710,0x00000000d6900000)
  to   space 8192K, 0% used [0x00000000d6d00000,0x00000000d6d00000,0x00000000d7500000)
 ParOldGen       total 118784K, used 118342K [0x0000000080000000, 0x0000000087400000, 0x00000000d5580000)
  object space 118784K, 99% used [0x0000000080000000,0x0000000087391980,0x0000000087400000)
 Metaspace       used 70174K, committed 71616K, reserved 1114112K
  class space    used 7380K, committed 8000K, reserved 1048576K
}
Event: 57.888 GC heap before
{Heap before GC invocations=71 (full 3):
 PSYoungGen      total 18944K, used 18917K [0x00000000d5580000, 0x00000000d7500000, 0x0000000100000000)
  eden space 15872K, 99% used [0x00000000d5580000,0x00000000d64fffc0,0x00000000d6500000)
  from space 3072K, 99% used [0x00000000d6600000,0x00000000d68f9710,0x00000000d6900000)
  to   space 8192K, 0% used [0x00000000d6d00000,0x00000000d6d00000,0x00000000d7500000)
 ParOldGen       total 118784K, used 118342K [0x0000000080000000, 0x0000000087400000, 0x00000000d5580000)
  object space 118784K, 99% used [0x0000000080000000,0x0000000087391980,0x0000000087400000)
 Metaspace       used 70636K, committed 72064K, reserved 1114112K
  class space    used 7450K, committed 8064K, reserved 1048576K
}
Event: 57.910 GC heap after
{Heap after GC invocations=71 (full 3):
 PSYoungGen      total 17408K, used 1248K [0x00000000d5580000, 0x00000000d6e80000, 0x0000000100000000)
  eden space 15872K, 0% used [0x00000000d5580000,0x00000000d5580000,0x00000000d6500000)
  from space 1536K, 81% used [0x00000000d6d00000,0x00000000d6e38000,0x00000000d6e80000)
  to   space 3584K, 0% used [0x00000000d6780000,0x00000000d6780000,0x00000000d6b00000)
 ParOldGen       total 118784K, used 118398K [0x0000000080000000, 0x0000000087400000, 0x00000000d5580000)
  object space 118784K, 99% used [0x0000000080000000,0x000000008739f980,0x0000000087400000)
 Metaspace       used 70636K, committed 72064K, reserved 1114112K
  class space    used 7450K, committed 8064K, reserved 1048576K
}
Event: 58.582 GC heap before
{Heap before GC invocations=72 (full 3):
 PSYoungGen      total 17408K, used 17120K [0x00000000d5580000, 0x00000000d6e80000, 0x0000000100000000)
  eden space 15872K, 100% used [0x00000000d5580000,0x00000000d6500000,0x00000000d6500000)
  from space 1536K, 81% used [0x00000000d6d00000,0x00000000d6e38000,0x00000000d6e80000)
  to   space 3584K, 0% used [0x00000000d6780000,0x00000000d6780000,0x00000000d6b00000)
 ParOldGen       total 118784K, used 118398K [0x0000000080000000, 0x0000000087400000, 0x00000000d5580000)
  object space 118784K, 99% used [0x0000000080000000,0x000000008739f980,0x0000000087400000)
 Metaspace       used 71457K, committed 72960K, reserved 1179648K
  class space    used 7531K, committed 8192K, reserved 1048576K
}
Event: 58.614 GC heap after
{Heap after GC invocations=72 (full 3):
 PSYoungGen      total 19456K, used 794K [0x00000000d5580000, 0x00000000d6d80000, 0x0000000100000000)
  eden space 15872K, 0% used [0x00000000d5580000,0x00000000d5580000,0x00000000d6500000)
  from space 3584K, 22% used [0x00000000d6780000,0x00000000d68468c8,0x00000000d6b00000)
  to   space 1536K, 0% used [0x00000000d6c00000,0x00000000d6c00000,0x00000000d6d80000)
 ParOldGen       total 119808K, used 119554K [0x0000000080000000, 0x0000000087500000, 0x00000000d5580000)
  object space 119808K, 99% used [0x0000000080000000,0x00000000874c09b0,0x0000000087500000)
 Metaspace       used 71457K, committed 72960K, reserved 1179648K
  class space    used 7531K, committed 8192K, reserved 1048576K
}

